
<<<<<<< HEAD
Gurobi 7.0.2 (win64, Python) logging started 10/01/17 18:31:32
=======
Gurobi 7.0.2 (win64, Python) logging started 09/06/17 18:30:18
>>>>>>> bazan

Parameter OutputFlag unchanged
   Value: 1  Min: 0  Max: 1  Default: 1
Parameter OutputFlag unchanged
   Value: 1  Min: 0  Max: 1  Default: 1
Parameter OutputFlag unchanged
   Value: 1  Min: 0  Max: 1  Default: 1
Parameter OutputFlag unchanged
   Value: 1  Min: 0  Max: 1  Default: 1
Parameter OutputFlag unchanged
   Value: 1  Min: 0  Max: 1  Default: 1
Parameter OutputFlag unchanged
   Value: 1  Min: 0  Max: 1  Default: 1
Parameter OutputFlag unchanged
   Value: 1  Min: 0  Max: 1  Default: 1

Gurobi 7.0.2 (win64, Python) logging started 11/10/17 16:18:30

Parameter OutputFlag unchanged
   Value: 1  Min: 0  Max: 1  Default: 1
Parameter OutputFlag unchanged
   Value: 1  Min: 0  Max: 1  Default: 1
Parameter OutputFlag unchanged
   Value: 1  Min: 0  Max: 1  Default: 1
Parameter OutputFlag unchanged
   Value: 1  Min: 0  Max: 1  Default: 1
Parameter OutputFlag unchanged
   Value: 1  Min: 0  Max: 1  Default: 1
Parameter OutputFlag unchanged
   Value: 1  Min: 0  Max: 1  Default: 1
Parameter OutputFlag unchanged
   Value: 1  Min: 0  Max: 1  Default: 1
Parameter OutputFlag unchanged
   Value: 1  Min: 0  Max: 1  Default: 1
Parameter OutputFlag unchanged
   Value: 1  Min: 0  Max: 1  Default: 1

Gurobi 7.0.2 (win64, Python) logging started 11/11/17 15:11:59

Parameter OutputFlag unchanged
   Value: 1  Min: 0  Max: 1  Default: 1
Parameter OutputFlag unchanged
   Value: 1  Min: 0  Max: 1  Default: 1
Parameter OutputFlag unchanged
   Value: 1  Min: 0  Max: 1  Default: 1
Parameter OutputFlag unchanged
   Value: 1  Min: 0  Max: 1  Default: 1
Warning for adding constraints: zero or small (< 1e-13) coefficients, ignored
Parameter OutputFlag unchanged
   Value: 1  Min: 0  Max: 1  Default: 1
Warning for adding constraints: zero or small (< 1e-13) coefficients, ignored
Parameter OutputFlag unchanged
   Value: 1  Min: 0  Max: 1  Default: 1
Warning for adding constraints: zero or small (< 1e-13) coefficients, ignored
Parameter OutputFlag unchanged
   Value: 1  Min: 0  Max: 1  Default: 1
Warning for adding constraints: zero or small (< 1e-13) coefficients, ignored
Parameter OutputFlag unchanged
   Value: 1  Min: 0  Max: 1  Default: 1
Warning for adding constraints: zero or small (< 1e-13) coefficients, ignored
Parameter OutputFlag unchanged
   Value: 1  Min: 0  Max: 1  Default: 1
Warning for adding constraints: zero or small (< 1e-13) coefficients, ignored
Parameter OutputFlag unchanged
   Value: 1  Min: 0  Max: 1  Default: 1
Warning for adding constraints: zero or small (< 1e-13) coefficients, ignored
Parameter OutputFlag unchanged
   Value: 1  Min: 0  Max: 1  Default: 1
Warning for adding constraints: zero or small (< 1e-13) coefficients, ignored
Parameter OutputFlag unchanged
   Value: 1  Min: 0  Max: 1  Default: 1
Warning for adding constraints: zero or small (< 1e-13) coefficients, ignored
Parameter OutputFlag unchanged
   Value: 1  Min: 0  Max: 1  Default: 1
Warning for adding constraints: zero or small (< 1e-13) coefficients, ignored
Parameter OutputFlag unchanged
   Value: 1  Min: 0  Max: 1  Default: 1
Warning for adding constraints: zero or small (< 1e-13) coefficients, ignored
Parameter OutputFlag unchanged
   Value: 1  Min: 0  Max: 1  Default: 1
Warning for adding constraints: zero or small (< 1e-13) coefficients, ignored
Parameter OutputFlag unchanged
   Value: 1  Min: 0  Max: 1  Default: 1
Warning for adding constraints: zero or small (< 1e-13) coefficients, ignored
Parameter OutputFlag unchanged
   Value: 1  Min: 0  Max: 1  Default: 1
Warning for adding constraints: zero or small (< 1e-13) coefficients, ignored
Parameter OutputFlag unchanged
   Value: 1  Min: 0  Max: 1  Default: 1
Warning for adding constraints: zero or small (< 1e-13) coefficients, ignored
Parameter OutputFlag unchanged
   Value: 1  Min: 0  Max: 1  Default: 1
Warning for adding constraints: zero or small (< 1e-13) coefficients, ignored
Parameter OutputFlag unchanged
   Value: 1  Min: 0  Max: 1  Default: 1
Warning for adding constraints: zero or small (< 1e-13) coefficients, ignored
Parameter OutputFlag unchanged
   Value: 1  Min: 0  Max: 1  Default: 1
Parameter OutputFlag unchanged
   Value: 1  Min: 0  Max: 1  Default: 1
Warning for adding constraints: zero or small (< 1e-13) coefficients, ignored
Parameter OutputFlag unchanged
   Value: 1  Min: 0  Max: 1  Default: 1
Warning for adding constraints: zero or small (< 1e-13) coefficients, ignored
Parameter OutputFlag unchanged
   Value: 1  Min: 0  Max: 1  Default: 1
Warning for adding constraints: zero or small (< 1e-13) coefficients, ignored
Parameter OutputFlag unchanged
   Value: 1  Min: 0  Max: 1  Default: 1
Warning for adding constraints: zero or small (< 1e-13) coefficients, ignored
Parameter OutputFlag unchanged
   Value: 1  Min: 0  Max: 1  Default: 1
Warning for adding constraints: zero or small (< 1e-13) coefficients, ignored
Parameter OutputFlag unchanged
   Value: 1  Min: 0  Max: 1  Default: 1
Warning for adding constraints: zero or small (< 1e-13) coefficients, ignored
Parameter OutputFlag unchanged
   Value: 1  Min: 0  Max: 1  Default: 1
Warning for adding constraints: zero or small (< 1e-13) coefficients, ignored
Parameter OutputFlag unchanged
   Value: 1  Min: 0  Max: 1  Default: 1
Parameter OutputFlag unchanged
   Value: 1  Min: 0  Max: 1  Default: 1
Parameter OutputFlag unchanged
   Value: 1  Min: 0  Max: 1  Default: 1
Warning for adding constraints: zero or small (< 1e-13) coefficients, ignored
Parameter OutputFlag unchanged
   Value: 1  Min: 0  Max: 1  Default: 1
Warning for adding constraints: zero or small (< 1e-13) coefficients, ignored
Parameter OutputFlag unchanged
   Value: 1  Min: 0  Max: 1  Default: 1
Warning for adding constraints: zero or small (< 1e-13) coefficients, ignored
Parameter OutputFlag unchanged
   Value: 1  Min: 0  Max: 1  Default: 1
Warning for adding constraints: zero or small (< 1e-13) coefficients, ignored
Parameter OutputFlag unchanged
   Value: 1  Min: 0  Max: 1  Default: 1
Warning for adding constraints: zero or small (< 1e-13) coefficients, ignored
Parameter OutputFlag unchanged
   Value: 1  Min: 0  Max: 1  Default: 1
Warning for adding constraints: zero or small (< 1e-13) coefficients, ignored
Parameter OutputFlag unchanged
   Value: 1  Min: 0  Max: 1  Default: 1
Warning for adding constraints: zero or small (< 1e-13) coefficients, ignored
Parameter OutputFlag unchanged
   Value: 1  Min: 0  Max: 1  Default: 1
Warning for adding constraints: zero or small (< 1e-13) coefficients, ignored
Parameter OutputFlag unchanged
   Value: 1  Min: 0  Max: 1  Default: 1
Parameter OutputFlag unchanged
   Value: 1  Min: 0  Max: 1  Default: 1
Warning for adding constraints: zero or small (< 1e-13) coefficients, ignored
Parameter OutputFlag unchanged
   Value: 1  Min: 0  Max: 1  Default: 1
Warning for adding constraints: zero or small (< 1e-13) coefficients, ignored
Parameter OutputFlag unchanged
   Value: 1  Min: 0  Max: 1  Default: 1
Warning for adding constraints: zero or small (< 1e-13) coefficients, ignored
Parameter OutputFlag unchanged
   Value: 1  Min: 0  Max: 1  Default: 1
Warning for adding constraints: zero or small (< 1e-13) coefficients, ignored
Parameter OutputFlag unchanged
   Value: 1  Min: 0  Max: 1  Default: 1
Warning for adding constraints: zero or small (< 1e-13) coefficients, ignored
Parameter OutputFlag unchanged
   Value: 1  Min: 0  Max: 1  Default: 1
Warning for adding constraints: zero or small (< 1e-13) coefficients, ignored
Parameter OutputFlag unchanged
   Value: 1  Min: 0  Max: 1  Default: 1
Warning for adding constraints: zero or small (< 1e-13) coefficients, ignored
Parameter OutputFlag unchanged
   Value: 1  Min: 0  Max: 1  Default: 1
Warning for adding constraints: zero or small (< 1e-13) coefficients, ignored
Parameter OutputFlag unchanged
   Value: 1  Min: 0  Max: 1  Default: 1
Parameter OutputFlag unchanged
   Value: 1  Min: 0  Max: 1  Default: 1
Parameter OutputFlag unchanged
   Value: 1  Min: 0  Max: 1  Default: 1
Parameter OutputFlag unchanged
   Value: 1  Min: 0  Max: 1  Default: 1
Parameter OutputFlag unchanged
   Value: 1  Min: 0  Max: 1  Default: 1
Parameter OutputFlag unchanged
   Value: 1  Min: 0  Max: 1  Default: 1
Parameter OutputFlag unchanged
   Value: 1  Min: 0  Max: 1  Default: 1
Parameter OutputFlag unchanged
   Value: 1  Min: 0  Max: 1  Default: 1
Parameter OutputFlag unchanged
   Value: 1  Min: 0  Max: 1  Default: 1
Parameter OutputFlag unchanged
   Value: 1  Min: 0  Max: 1  Default: 1
Warning for adding constraints: zero or small (< 1e-13) coefficients, ignored
Parameter OutputFlag unchanged
   Value: 1  Min: 0  Max: 1  Default: 1
Parameter OutputFlag unchanged
   Value: 1  Min: 0  Max: 1  Default: 1
Parameter OutputFlag unchanged
   Value: 1  Min: 0  Max: 1  Default: 1
Parameter OutputFlag unchanged
   Value: 1  Min: 0  Max: 1  Default: 1

Gurobi 7.0.2 (win64, Python) logging started 11/13/17 14:31:50

Parameter OutputFlag unchanged
   Value: 1  Min: 0  Max: 1  Default: 1
Parameter OutputFlag unchanged
   Value: 1  Min: 0  Max: 1  Default: 1
Parameter OutputFlag unchanged
   Value: 1  Min: 0  Max: 1  Default: 1
Parameter OutputFlag unchanged
   Value: 1  Min: 0  Max: 1  Default: 1
Parameter OutputFlag unchanged
   Value: 1  Min: 0  Max: 1  Default: 1
Parameter OutputFlag unchanged
   Value: 1  Min: 0  Max: 1  Default: 1
Parameter OutputFlag unchanged
   Value: 1  Min: 0  Max: 1  Default: 1
Parameter OutputFlag unchanged
   Value: 1  Min: 0  Max: 1  Default: 1
Warning for adding constraints: zero or small (< 1e-13) coefficients, ignored
Parameter OutputFlag unchanged
   Value: 1  Min: 0  Max: 1  Default: 1
Parameter OutputFlag unchanged
   Value: 1  Min: 0  Max: 1  Default: 1
Parameter OutputFlag unchanged
   Value: 1  Min: 0  Max: 1  Default: 1
Parameter OutputFlag unchanged
   Value: 1  Min: 0  Max: 1  Default: 1
Warning for adding constraints: zero or small (< 1e-13) coefficients, ignored
Parameter OutputFlag unchanged
   Value: 1  Min: 0  Max: 1  Default: 1
Warning for adding constraints: zero or small (< 1e-13) coefficients, ignored
Parameter OutputFlag unchanged
   Value: 1  Min: 0  Max: 1  Default: 1
Parameter OutputFlag unchanged
   Value: 1  Min: 0  Max: 1  Default: 1
Parameter OutputFlag unchanged
   Value: 1  Min: 0  Max: 1  Default: 1
Parameter OutputFlag unchanged
   Value: 1  Min: 0  Max: 1  Default: 1
Parameter OutputFlag unchanged
   Value: 1  Min: 0  Max: 1  Default: 1
Parameter OutputFlag unchanged
   Value: 1  Min: 0  Max: 1  Default: 1
Parameter OutputFlag unchanged
   Value: 1  Min: 0  Max: 1  Default: 1
Parameter OutputFlag unchanged
   Value: 1  Min: 0  Max: 1  Default: 1
Parameter OutputFlag unchanged
   Value: 1  Min: 0  Max: 1  Default: 1
Warning for adding constraints: zero or small (< 1e-13) coefficients, ignored
Parameter OutputFlag unchanged
   Value: 1  Min: 0  Max: 1  Default: 1
Warning for adding constraints: zero or small (< 1e-13) coefficients, ignored
Parameter OutputFlag unchanged
   Value: 1  Min: 0  Max: 1  Default: 1
Warning for adding constraints: zero or small (< 1e-13) coefficients, ignored
Parameter OutputFlag unchanged
   Value: 1  Min: 0  Max: 1  Default: 1
Warning for adding constraints: zero or small (< 1e-13) coefficients, ignored
Parameter OutputFlag unchanged
   Value: 1  Min: 0  Max: 1  Default: 1
Warning for adding constraints: zero or small (< 1e-13) coefficients, ignored
Parameter OutputFlag unchanged
   Value: 1  Min: 0  Max: 1  Default: 1

Gurobi 7.0.2 (win64, Python) logging started 11/15/17 17:19:43

Warning for adding constraints: zero or small (< 1e-13) coefficients, ignored
Parameter OutputFlag unchanged
   Value: 1  Min: 0  Max: 1  Default: 1
Warning for adding constraints: zero or small (< 1e-13) coefficients, ignored
Parameter OutputFlag unchanged
   Value: 1  Min: 0  Max: 1  Default: 1
Warning for adding constraints: zero or small (< 1e-13) coefficients, ignored
Parameter OutputFlag unchanged
   Value: 1  Min: 0  Max: 1  Default: 1
Warning for adding constraints: zero or small (< 1e-13) coefficients, ignored
Parameter OutputFlag unchanged
   Value: 1  Min: 0  Max: 1  Default: 1
Warning for adding constraints: zero or small (< 1e-13) coefficients, ignored
Parameter OutputFlag unchanged
   Value: 1  Min: 0  Max: 1  Default: 1
Warning for adding constraints: zero or small (< 1e-13) coefficients, ignored
Parameter OutputFlag unchanged
   Value: 1  Min: 0  Max: 1  Default: 1
Warning for adding constraints: zero or small (< 1e-13) coefficients, ignored
Parameter OutputFlag unchanged
   Value: 1  Min: 0  Max: 1  Default: 1
Warning for adding constraints: zero or small (< 1e-13) coefficients, ignored
Parameter OutputFlag unchanged
   Value: 1  Min: 0  Max: 1  Default: 1
Warning for adding constraints: zero or small (< 1e-13) coefficients, ignored
Parameter OutputFlag unchanged
   Value: 1  Min: 0  Max: 1  Default: 1
Warning for adding constraints: zero or small (< 1e-13) coefficients, ignored
Parameter OutputFlag unchanged
   Value: 1  Min: 0  Max: 1  Default: 1
Warning for adding constraints: zero or small (< 1e-13) coefficients, ignored
Parameter OutputFlag unchanged
   Value: 1  Min: 0  Max: 1  Default: 1
Warning for adding constraints: zero or small (< 1e-13) coefficients, ignored
Parameter OutputFlag unchanged
   Value: 1  Min: 0  Max: 1  Default: 1
Warning for adding constraints: zero or small (< 1e-13) coefficients, ignored
Parameter OutputFlag unchanged
   Value: 1  Min: 0  Max: 1  Default: 1

Gurobi 7.0.2 (win64, Python) logging started 11/16/17 19:38:48

Warning for adding constraints: zero or small (< 1e-13) coefficients, ignored
Parameter OutputFlag unchanged
   Value: 1  Min: 0  Max: 1  Default: 1

Gurobi 7.0.2 (win64, Python) logging started 11/16/17 19:42:19

Warning for adding constraints: zero or small (< 1e-13) coefficients, ignored
Parameter OutputFlag unchanged
   Value: 1  Min: 0  Max: 1  Default: 1

Gurobi 7.0.2 (win64, Python) logging started 11/19/17 15:57:55

Warning for adding constraints: zero or small (< 1e-13) coefficients, ignored
Parameter OutputFlag unchanged
   Value: 1  Min: 0  Max: 1  Default: 1
Warning for adding constraints: zero or small (< 1e-13) coefficients, ignored
Parameter OutputFlag unchanged
   Value: 1  Min: 0  Max: 1  Default: 1
Warning for adding constraints: zero or small (< 1e-13) coefficients, ignored
Parameter OutputFlag unchanged
   Value: 1  Min: 0  Max: 1  Default: 1
Warning for adding constraints: zero or small (< 1e-13) coefficients, ignored
Parameter OutputFlag unchanged
   Value: 1  Min: 0  Max: 1  Default: 1
Warning for adding constraints: zero or small (< 1e-13) coefficients, ignored
Parameter OutputFlag unchanged
   Value: 1  Min: 0  Max: 1  Default: 1
Warning for adding constraints: zero or small (< 1e-13) coefficients, ignored
Parameter OutputFlag unchanged
   Value: 1  Min: 0  Max: 1  Default: 1
Warning for adding constraints: zero or small (< 1e-13) coefficients, ignored
Parameter OutputFlag unchanged
   Value: 1  Min: 0  Max: 1  Default: 1
Warning for adding constraints: zero or small (< 1e-13) coefficients, ignored
Parameter OutputFlag unchanged
   Value: 1  Min: 0  Max: 1  Default: 1
Warning for adding constraints: zero or small (< 1e-13) coefficients, ignored
Parameter OutputFlag unchanged
   Value: 1  Min: 0  Max: 1  Default: 1
Warning for adding constraints: zero or small (< 1e-13) coefficients, ignored
Parameter OutputFlag unchanged
   Value: 1  Min: 0  Max: 1  Default: 1
Warning for adding constraints: zero or small (< 1e-13) coefficients, ignored
Parameter OutputFlag unchanged
   Value: 1  Min: 0  Max: 1  Default: 1
Warning for adding constraints: zero or small (< 1e-13) coefficients, ignored
Parameter OutputFlag unchanged
   Value: 1  Min: 0  Max: 1  Default: 1
Warning for adding constraints: zero or small (< 1e-13) coefficients, ignored
Parameter OutputFlag unchanged
   Value: 1  Min: 0  Max: 1  Default: 1
Warning for adding constraints: zero or small (< 1e-13) coefficients, ignored
Parameter OutputFlag unchanged
   Value: 1  Min: 0  Max: 1  Default: 1
Warning for adding constraints: zero or small (< 1e-13) coefficients, ignored
Parameter OutputFlag unchanged
   Value: 1  Min: 0  Max: 1  Default: 1
Warning for adding constraints: zero or small (< 1e-13) coefficients, ignored
Parameter OutputFlag unchanged
   Value: 1  Min: 0  Max: 1  Default: 1
Warning for adding constraints: zero or small (< 1e-13) coefficients, ignored
Parameter OutputFlag unchanged
   Value: 1  Min: 0  Max: 1  Default: 1
Warning for adding constraints: zero or small (< 1e-13) coefficients, ignored
Parameter OutputFlag unchanged
   Value: 1  Min: 0  Max: 1  Default: 1
Parameter OutputFlag unchanged
   Value: 1  Min: 0  Max: 1  Default: 1
Parameter OutputFlag unchanged
   Value: 1  Min: 0  Max: 1  Default: 1
Parameter OutputFlag unchanged
   Value: 1  Min: 0  Max: 1  Default: 1
Parameter OutputFlag unchanged
   Value: 1  Min: 0  Max: 1  Default: 1
Parameter OutputFlag unchanged
   Value: 1  Min: 0  Max: 1  Default: 1
Parameter OutputFlag unchanged
   Value: 1  Min: 0  Max: 1  Default: 1
Parameter OutputFlag unchanged
   Value: 1  Min: 0  Max: 1  Default: 1
Parameter OutputFlag unchanged
   Value: 1  Min: 0  Max: 1  Default: 1
Parameter OutputFlag unchanged
   Value: 1  Min: 0  Max: 1  Default: 1
Parameter OutputFlag unchanged
   Value: 1  Min: 0  Max: 1  Default: 1
Parameter OutputFlag unchanged
   Value: 1  Min: 0  Max: 1  Default: 1
Parameter OutputFlag unchanged
   Value: 1  Min: 0  Max: 1  Default: 1
Parameter OutputFlag unchanged
   Value: 1  Min: 0  Max: 1  Default: 1
Parameter OutputFlag unchanged
   Value: 1  Min: 0  Max: 1  Default: 1
Parameter OutputFlag unchanged
   Value: 1  Min: 0  Max: 1  Default: 1
Parameter OutputFlag unchanged
   Value: 1  Min: 0  Max: 1  Default: 1
Parameter OutputFlag unchanged
   Value: 1  Min: 0  Max: 1  Default: 1
Parameter OutputFlag unchanged
   Value: 1  Min: 0  Max: 1  Default: 1
Parameter OutputFlag unchanged
   Value: 1  Min: 0  Max: 1  Default: 1
Parameter OutputFlag unchanged
   Value: 1  Min: 0  Max: 1  Default: 1
Parameter OutputFlag unchanged
   Value: 1  Min: 0  Max: 1  Default: 1
Parameter OutputFlag unchanged
   Value: 1  Min: 0  Max: 1  Default: 1
Parameter OutputFlag unchanged
   Value: 1  Min: 0  Max: 1  Default: 1
Parameter OutputFlag unchanged
   Value: 1  Min: 0  Max: 1  Default: 1
Parameter OutputFlag unchanged
   Value: 1  Min: 0  Max: 1  Default: 1
Parameter OutputFlag unchanged
   Value: 1  Min: 0  Max: 1  Default: 1
Parameter OutputFlag unchanged
   Value: 1  Min: 0  Max: 1  Default: 1
Parameter OutputFlag unchanged
   Value: 1  Min: 0  Max: 1  Default: 1
Parameter OutputFlag unchanged
   Value: 1  Min: 0  Max: 1  Default: 1
Parameter OutputFlag unchanged
   Value: 1  Min: 0  Max: 1  Default: 1
Parameter OutputFlag unchanged
   Value: 1  Min: 0  Max: 1  Default: 1
Parameter OutputFlag unchanged
   Value: 1  Min: 0  Max: 1  Default: 1
Parameter OutputFlag unchanged
   Value: 1  Min: 0  Max: 1  Default: 1
Parameter OutputFlag unchanged
   Value: 1  Min: 0  Max: 1  Default: 1
Parameter OutputFlag unchanged
   Value: 1  Min: 0  Max: 1  Default: 1
Parameter OutputFlag unchanged
   Value: 1  Min: 0  Max: 1  Default: 1
Parameter OutputFlag unchanged
   Value: 1  Min: 0  Max: 1  Default: 1
Parameter OutputFlag unchanged
   Value: 1  Min: 0  Max: 1  Default: 1
Parameter OutputFlag unchanged
   Value: 1  Min: 0  Max: 1  Default: 1
Parameter OutputFlag unchanged
   Value: 1  Min: 0  Max: 1  Default: 1
Parameter OutputFlag unchanged
   Value: 1  Min: 0  Max: 1  Default: 1
Parameter OutputFlag unchanged
   Value: 1  Min: 0  Max: 1  Default: 1
Parameter OutputFlag unchanged
   Value: 1  Min: 0  Max: 1  Default: 1
Parameter OutputFlag unchanged
   Value: 1  Min: 0  Max: 1  Default: 1
Parameter OutputFlag unchanged
   Value: 1  Min: 0  Max: 1  Default: 1
Parameter OutputFlag unchanged
   Value: 1  Min: 0  Max: 1  Default: 1
Parameter OutputFlag unchanged
   Value: 1  Min: 0  Max: 1  Default: 1
Warning for adding constraints: zero or small (< 1e-13) coefficients, ignored
Parameter OutputFlag unchanged
   Value: 1  Min: 0  Max: 1  Default: 1
Warning for adding constraints: zero or small (< 1e-13) coefficients, ignored
Parameter OutputFlag unchanged
   Value: 1  Min: 0  Max: 1  Default: 1
Warning for adding constraints: zero or small (< 1e-13) coefficients, ignored
Parameter OutputFlag unchanged
   Value: 1  Min: 0  Max: 1  Default: 1
Warning for adding constraints: zero or small (< 1e-13) coefficients, ignored

Gurobi 7.0.2 (win64, Python) logging started 11/22/17 13:34:42

Warning for adding constraints: zero or small (< 1e-13) coefficients, ignored
Parameter OutputFlag unchanged
   Value: 1  Min: 0  Max: 1  Default: 1
Warning for adding constraints: zero or small (< 1e-13) coefficients, ignored
Parameter OutputFlag unchanged
   Value: 1  Min: 0  Max: 1  Default: 1
Warning for adding constraints: zero or small (< 1e-13) coefficients, ignored
Parameter OutputFlag unchanged
   Value: 1  Min: 0  Max: 1  Default: 1
Warning for adding constraints: zero or small (< 1e-13) coefficients, ignored
Parameter OutputFlag unchanged
   Value: 1  Min: 0  Max: 1  Default: 1
Warning for adding constraints: zero or small (< 1e-13) coefficients, ignored
Parameter OutputFlag unchanged
   Value: 1  Min: 0  Max: 1  Default: 1
Warning for adding constraints: zero or small (< 1e-13) coefficients, ignored
Parameter OutputFlag unchanged
   Value: 1  Min: 0  Max: 1  Default: 1
Parameter OutputFlag unchanged
   Value: 1  Min: 0  Max: 1  Default: 1
Parameter OutputFlag unchanged
   Value: 1  Min: 0  Max: 1  Default: 1
Parameter OutputFlag unchanged
   Value: 1  Min: 0  Max: 1  Default: 1
Parameter OutputFlag unchanged
   Value: 1  Min: 0  Max: 1  Default: 1
Parameter OutputFlag unchanged
   Value: 1  Min: 0  Max: 1  Default: 1
Parameter OutputFlag unchanged
   Value: 1  Min: 0  Max: 1  Default: 1
Parameter OutputFlag unchanged
   Value: 1  Min: 0  Max: 1  Default: 1
Parameter OutputFlag unchanged
   Value: 1  Min: 0  Max: 1  Default: 1
Parameter OutputFlag unchanged
   Value: 1  Min: 0  Max: 1  Default: 1
Parameter OutputFlag unchanged
   Value: 1  Min: 0  Max: 1  Default: 1
Parameter OutputFlag unchanged
   Value: 1  Min: 0  Max: 1  Default: 1
Parameter OutputFlag unchanged
   Value: 1  Min: 0  Max: 1  Default: 1
Parameter OutputFlag unchanged
   Value: 1  Min: 0  Max: 1  Default: 1
Parameter OutputFlag unchanged
   Value: 1  Min: 0  Max: 1  Default: 1
Parameter OutputFlag unchanged
   Value: 1  Min: 0  Max: 1  Default: 1
Parameter OutputFlag unchanged
   Value: 1  Min: 0  Max: 1  Default: 1
Parameter OutputFlag unchanged
   Value: 1  Min: 0  Max: 1  Default: 1
Parameter OutputFlag unchanged
   Value: 1  Min: 0  Max: 1  Default: 1
Parameter OutputFlag unchanged
   Value: 1  Min: 0  Max: 1  Default: 1
Parameter OutputFlag unchanged
   Value: 1  Min: 0  Max: 1  Default: 1
Parameter OutputFlag unchanged
   Value: 1  Min: 0  Max: 1  Default: 1
Parameter OutputFlag unchanged
   Value: 1  Min: 0  Max: 1  Default: 1
Parameter OutputFlag unchanged
   Value: 1  Min: 0  Max: 1  Default: 1
Parameter OutputFlag unchanged
   Value: 1  Min: 0  Max: 1  Default: 1
Parameter OutputFlag unchanged
   Value: 1  Min: 0  Max: 1  Default: 1

Gurobi 7.0.2 (win64, Python) logging started 11/23/17 00:56:21

Parameter OutputFlag unchanged
   Value: 1  Min: 0  Max: 1  Default: 1
Parameter OutputFlag unchanged
   Value: 1  Min: 0  Max: 1  Default: 1
Parameter OutputFlag unchanged
   Value: 1  Min: 0  Max: 1  Default: 1
Parameter OutputFlag unchanged
   Value: 1  Min: 0  Max: 1  Default: 1
Warning for adding constraints: zero or small (< 1e-13) coefficients, ignored
Parameter OutputFlag unchanged
   Value: 1  Min: 0  Max: 1  Default: 1
Warning for adding constraints: zero or small (< 1e-13) coefficients, ignored
Parameter OutputFlag unchanged
   Value: 1  Min: 0  Max: 1  Default: 1
Warning for adding constraints: zero or small (< 1e-13) coefficients, ignored
Parameter OutputFlag unchanged
   Value: 1  Min: 0  Max: 1  Default: 1
Parameter OutputFlag unchanged
   Value: 1  Min: 0  Max: 1  Default: 1
Parameter OutputFlag unchanged
   Value: 1  Min: 0  Max: 1  Default: 1
Parameter OutputFlag unchanged
   Value: 1  Min: 0  Max: 1  Default: 1
Parameter OutputFlag unchanged
   Value: 1  Min: 0  Max: 1  Default: 1
Parameter OutputFlag unchanged
   Value: 1  Min: 0  Max: 1  Default: 1
Parameter OutputFlag unchanged
   Value: 1  Min: 0  Max: 1  Default: 1
Parameter OutputFlag unchanged
   Value: 1  Min: 0  Max: 1  Default: 1
Parameter OutputFlag unchanged
   Value: 1  Min: 0  Max: 1  Default: 1
Parameter OutputFlag unchanged
   Value: 1  Min: 0  Max: 1  Default: 1
Parameter OutputFlag unchanged
   Value: 1  Min: 0  Max: 1  Default: 1
Parameter OutputFlag unchanged
   Value: 1  Min: 0  Max: 1  Default: 1
Parameter OutputFlag unchanged
   Value: 1  Min: 0  Max: 1  Default: 1
Parameter OutputFlag unchanged
   Value: 1  Min: 0  Max: 1  Default: 1
Parameter OutputFlag unchanged
   Value: 1  Min: 0  Max: 1  Default: 1
Parameter OutputFlag unchanged
   Value: 1  Min: 0  Max: 1  Default: 1
Parameter OutputFlag unchanged
   Value: 1  Min: 0  Max: 1  Default: 1
Parameter OutputFlag unchanged
   Value: 1  Min: 0  Max: 1  Default: 1
Parameter OutputFlag unchanged
   Value: 1  Min: 0  Max: 1  Default: 1
Parameter OutputFlag unchanged
   Value: 1  Min: 0  Max: 1  Default: 1
Parameter OutputFlag unchanged
   Value: 1  Min: 0  Max: 1  Default: 1
Parameter OutputFlag unchanged
   Value: 1  Min: 0  Max: 1  Default: 1
Parameter OutputFlag unchanged
   Value: 1  Min: 0  Max: 1  Default: 1
Parameter OutputFlag unchanged
   Value: 1  Min: 0  Max: 1  Default: 1
Parameter OutputFlag unchanged
   Value: 1  Min: 0  Max: 1  Default: 1
Parameter OutputFlag unchanged
   Value: 1  Min: 0  Max: 1  Default: 1
Parameter OutputFlag unchanged
   Value: 1  Min: 0  Max: 1  Default: 1
Parameter OutputFlag unchanged
   Value: 1  Min: 0  Max: 1  Default: 1

Gurobi 7.0.2 (win64, Python) logging started 11/23/17 14:01:54

Parameter OutputFlag unchanged
   Value: 1  Min: 0  Max: 1  Default: 1
Parameter OutputFlag unchanged
   Value: 1  Min: 0  Max: 1  Default: 1
Parameter OutputFlag unchanged
   Value: 1  Min: 0  Max: 1  Default: 1
Parameter OutputFlag unchanged
   Value: 1  Min: 0  Max: 1  Default: 1
Parameter OutputFlag unchanged
   Value: 1  Min: 0  Max: 1  Default: 1
Parameter OutputFlag unchanged
   Value: 1  Min: 0  Max: 1  Default: 1
Parameter OutputFlag unchanged
   Value: 1  Min: 0  Max: 1  Default: 1
Parameter OutputFlag unchanged
   Value: 1  Min: 0  Max: 1  Default: 1
Parameter OutputFlag unchanged
   Value: 1  Min: 0  Max: 1  Default: 1
Warning for adding constraints: zero or small (< 1e-13) coefficients, ignored
Parameter OutputFlag unchanged
   Value: 1  Min: 0  Max: 1  Default: 1
Warning for adding constraints: zero or small (< 1e-13) coefficients, ignored
Parameter OutputFlag unchanged
   Value: 1  Min: 0  Max: 1  Default: 1

Gurobi 7.0.2 (win64, Python) logging started 11/23/17 21:33:10

Warning for adding constraints: zero or small (< 1e-13) coefficients, ignored
Parameter OutputFlag unchanged
   Value: 1  Min: 0  Max: 1  Default: 1
Warning for adding constraints: zero or small (< 1e-13) coefficients, ignored
Parameter OutputFlag unchanged
   Value: 1  Min: 0  Max: 1  Default: 1
Warning for adding constraints: zero or small (< 1e-13) coefficients, ignored
Parameter OutputFlag unchanged
   Value: 1  Min: 0  Max: 1  Default: 1
Warning for adding constraints: zero or small (< 1e-13) coefficients, ignored
Parameter OutputFlag unchanged
   Value: 1  Min: 0  Max: 1  Default: 1
Warning for adding constraints: zero or small (< 1e-13) coefficients, ignored
Parameter OutputFlag unchanged
   Value: 1  Min: 0  Max: 1  Default: 1
Warning for adding constraints: zero or small (< 1e-13) coefficients, ignored
Parameter OutputFlag unchanged
   Value: 1  Min: 0  Max: 1  Default: 1
Warning for adding constraints: zero or small (< 1e-13) coefficients, ignored
Parameter OutputFlag unchanged
   Value: 1  Min: 0  Max: 1  Default: 1
Warning for adding constraints: zero or small (< 1e-13) coefficients, ignored
Parameter OutputFlag unchanged
   Value: 1  Min: 0  Max: 1  Default: 1
Warning for adding constraints: zero or small (< 1e-13) coefficients, ignored
Parameter OutputFlag unchanged
   Value: 1  Min: 0  Max: 1  Default: 1
Warning for adding constraints: zero or small (< 1e-13) coefficients, ignored
Parameter OutputFlag unchanged
   Value: 1  Min: 0  Max: 1  Default: 1
Parameter OutputFlag unchanged
   Value: 1  Min: 0  Max: 1  Default: 1
Parameter OutputFlag unchanged
   Value: 1  Min: 0  Max: 1  Default: 1
Parameter OutputFlag unchanged
   Value: 1  Min: 0  Max: 1  Default: 1
Parameter OutputFlag unchanged
   Value: 1  Min: 0  Max: 1  Default: 1
Parameter OutputFlag unchanged
   Value: 1  Min: 0  Max: 1  Default: 1
Parameter OutputFlag unchanged
   Value: 1  Min: 0  Max: 1  Default: 1
Parameter OutputFlag unchanged
   Value: 1  Min: 0  Max: 1  Default: 1
Parameter OutputFlag unchanged
   Value: 1  Min: 0  Max: 1  Default: 1
Parameter OutputFlag unchanged
   Value: 1  Min: 0  Max: 1  Default: 1
Parameter OutputFlag unchanged
   Value: 1  Min: 0  Max: 1  Default: 1
Parameter OutputFlag unchanged
   Value: 1  Min: 0  Max: 1  Default: 1
Parameter OutputFlag unchanged
   Value: 1  Min: 0  Max: 1  Default: 1
Parameter OutputFlag unchanged
   Value: 1  Min: 0  Max: 1  Default: 1
Parameter OutputFlag unchanged
   Value: 1  Min: 0  Max: 1  Default: 1
Parameter OutputFlag unchanged
   Value: 1  Min: 0  Max: 1  Default: 1
Parameter OutputFlag unchanged
   Value: 1  Min: 0  Max: 1  Default: 1
Parameter OutputFlag unchanged
   Value: 1  Min: 0  Max: 1  Default: 1
Parameter OutputFlag unchanged
   Value: 1  Min: 0  Max: 1  Default: 1
Parameter OutputFlag unchanged
   Value: 1  Min: 0  Max: 1  Default: 1
Parameter OutputFlag unchanged
   Value: 1  Min: 0  Max: 1  Default: 1
Parameter OutputFlag unchanged
   Value: 1  Min: 0  Max: 1  Default: 1
Parameter OutputFlag unchanged
   Value: 1  Min: 0  Max: 1  Default: 1
Parameter OutputFlag unchanged
   Value: 1  Min: 0  Max: 1  Default: 1
Parameter OutputFlag unchanged
   Value: 1  Min: 0  Max: 1  Default: 1
Parameter OutputFlag unchanged
   Value: 1  Min: 0  Max: 1  Default: 1
Parameter OutputFlag unchanged
   Value: 1  Min: 0  Max: 1  Default: 1
Parameter OutputFlag unchanged
   Value: 1  Min: 0  Max: 1  Default: 1
Parameter OutputFlag unchanged
   Value: 1  Min: 0  Max: 1  Default: 1
Parameter OutputFlag unchanged
   Value: 1  Min: 0  Max: 1  Default: 1
Parameter OutputFlag unchanged
   Value: 1  Min: 0  Max: 1  Default: 1
Parameter OutputFlag unchanged
   Value: 1  Min: 0  Max: 1  Default: 1
Parameter OutputFlag unchanged
   Value: 1  Min: 0  Max: 1  Default: 1
Parameter OutputFlag unchanged
   Value: 1  Min: 0  Max: 1  Default: 1
Parameter OutputFlag unchanged
   Value: 1  Min: 0  Max: 1  Default: 1
Parameter OutputFlag unchanged
   Value: 1  Min: 0  Max: 1  Default: 1
Parameter OutputFlag unchanged
   Value: 1  Min: 0  Max: 1  Default: 1
Parameter OutputFlag unchanged
   Value: 1  Min: 0  Max: 1  Default: 1
Parameter OutputFlag unchanged
   Value: 1  Min: 0  Max: 1  Default: 1
Parameter OutputFlag unchanged
   Value: 1  Min: 0  Max: 1  Default: 1
Parameter OutputFlag unchanged
   Value: 1  Min: 0  Max: 1  Default: 1
Parameter OutputFlag unchanged
   Value: 1  Min: 0  Max: 1  Default: 1
Parameter OutputFlag unchanged
   Value: 1  Min: 0  Max: 1  Default: 1
Parameter OutputFlag unchanged
   Value: 1  Min: 0  Max: 1  Default: 1
Warning for adding constraints: zero or small (< 1e-13) coefficients, ignored
Parameter OutputFlag unchanged
   Value: 1  Min: 0  Max: 1  Default: 1
Warning for adding constraints: zero or small (< 1e-13) coefficients, ignored
Parameter OutputFlag unchanged
   Value: 1  Min: 0  Max: 1  Default: 1
Warning for adding constraints: zero or small (< 1e-13) coefficients, ignored
Parameter OutputFlag unchanged
   Value: 1  Min: 0  Max: 1  Default: 1
Warning for adding constraints: zero or small (< 1e-13) coefficients, ignored
Parameter OutputFlag unchanged
   Value: 1  Min: 0  Max: 1  Default: 1
Warning for adding constraints: zero or small (< 1e-13) coefficients, ignored
Parameter OutputFlag unchanged
   Value: 1  Min: 0  Max: 1  Default: 1
Parameter OutputFlag unchanged
   Value: 1  Min: 0  Max: 1  Default: 1
Warning for adding constraints: zero or small (< 1e-13) coefficients, ignored
Parameter OutputFlag unchanged
   Value: 1  Min: 0  Max: 1  Default: 1
Warning for adding constraints: zero or small (< 1e-13) coefficients, ignored
Parameter OutputFlag unchanged
   Value: 1  Min: 0  Max: 1  Default: 1
Warning for adding constraints: zero or small (< 1e-13) coefficients, ignored
Parameter OutputFlag unchanged
   Value: 1  Min: 0  Max: 1  Default: 1
Warning for adding constraints: zero or small (< 1e-13) coefficients, ignored
Parameter OutputFlag unchanged
   Value: 1  Min: 0  Max: 1  Default: 1
Warning for adding constraints: zero or small (< 1e-13) coefficients, ignored
Parameter OutputFlag unchanged
   Value: 1  Min: 0  Max: 1  Default: 1
Warning for adding constraints: zero or small (< 1e-13) coefficients, ignored
Parameter OutputFlag unchanged
   Value: 1  Min: 0  Max: 1  Default: 1

Gurobi 7.0.2 (win64, Python) logging started 11/27/17 03:04:24

Warning for adding constraints: zero or small (< 1e-13) coefficients, ignored
Parameter OutputFlag unchanged
   Value: 1  Min: 0  Max: 1  Default: 1
Warning for adding constraints: zero or small (< 1e-13) coefficients, ignored
Parameter OutputFlag unchanged
   Value: 1  Min: 0  Max: 1  Default: 1
Warning for adding constraints: zero or small (< 1e-13) coefficients, ignored
Parameter OutputFlag unchanged
   Value: 1  Min: 0  Max: 1  Default: 1
Warning for adding constraints: zero or small (< 1e-13) coefficients, ignored
Parameter OutputFlag unchanged
   Value: 1  Min: 0  Max: 1  Default: 1
Warning for adding constraints: zero or small (< 1e-13) coefficients, ignored
Parameter OutputFlag unchanged
   Value: 1  Min: 0  Max: 1  Default: 1
Warning for adding constraints: zero or small (< 1e-13) coefficients, ignored
Parameter OutputFlag unchanged
   Value: 1  Min: 0  Max: 1  Default: 1
Warning for adding constraints: zero or small (< 1e-13) coefficients, ignored
Parameter OutputFlag unchanged
   Value: 1  Min: 0  Max: 1  Default: 1
Warning for adding constraints: zero or small (< 1e-13) coefficients, ignored
Parameter OutputFlag unchanged
   Value: 1  Min: 0  Max: 1  Default: 1
Warning for adding constraints: zero or small (< 1e-13) coefficients, ignored
Parameter OutputFlag unchanged
   Value: 1  Min: 0  Max: 1  Default: 1
Warning for adding constraints: zero or small (< 1e-13) coefficients, ignored
Parameter OutputFlag unchanged
   Value: 1  Min: 0  Max: 1  Default: 1
Warning for adding constraints: zero or small (< 1e-13) coefficients, ignored
Parameter OutputFlag unchanged
   Value: 1  Min: 0  Max: 1  Default: 1
Warning for adding constraints: zero or small (< 1e-13) coefficients, ignored
Parameter OutputFlag unchanged
   Value: 1  Min: 0  Max: 1  Default: 1

Gurobi 7.0.2 (win64, Python) logging started 11/27/17 16:49:32

Warning for adding constraints: zero or small (< 1e-13) coefficients, ignored
Parameter OutputFlag unchanged
   Value: 1  Min: 0  Max: 1  Default: 1
Warning for adding constraints: zero or small (< 1e-13) coefficients, ignored
Parameter OutputFlag unchanged
   Value: 1  Min: 0  Max: 1  Default: 1
Warning for adding constraints: zero or small (< 1e-13) coefficients, ignored
Parameter OutputFlag unchanged
   Value: 1  Min: 0  Max: 1  Default: 1
Warning for adding constraints: zero or small (< 1e-13) coefficients, ignored
Parameter OutputFlag unchanged
   Value: 1  Min: 0  Max: 1  Default: 1
Warning for adding constraints: zero or small (< 1e-13) coefficients, ignored
Parameter OutputFlag unchanged
   Value: 1  Min: 0  Max: 1  Default: 1
Warning for adding constraints: zero or small (< 1e-13) coefficients, ignored
Parameter OutputFlag unchanged
   Value: 1  Min: 0  Max: 1  Default: 1
Warning for adding constraints: zero or small (< 1e-13) coefficients, ignored
Parameter OutputFlag unchanged
   Value: 1  Min: 0  Max: 1  Default: 1
Warning for adding constraints: zero or small (< 1e-13) coefficients, ignored
Parameter OutputFlag unchanged
   Value: 1  Min: 0  Max: 1  Default: 1
Warning for adding constraints: zero or small (< 1e-13) coefficients, ignored
Parameter OutputFlag unchanged
   Value: 1  Min: 0  Max: 1  Default: 1
Warning for adding constraints: zero or small (< 1e-13) coefficients, ignored
Parameter OutputFlag unchanged
   Value: 1  Min: 0  Max: 1  Default: 1
Warning for adding constraints: zero or small (< 1e-13) coefficients, ignored
Parameter OutputFlag unchanged
   Value: 1  Min: 0  Max: 1  Default: 1
Warning for adding constraints: zero or small (< 1e-13) coefficients, ignored
Parameter OutputFlag unchanged
   Value: 1  Min: 0  Max: 1  Default: 1

Gurobi 7.0.2 (win64, Python) logging started 11/27/17 19:51:49

Warning for adding constraints: zero or small (< 1e-13) coefficients, ignored
Parameter OutputFlag unchanged
   Value: 1  Min: 0  Max: 1  Default: 1
Warning for adding constraints: zero or small (< 1e-13) coefficients, ignored
Parameter OutputFlag unchanged
   Value: 1  Min: 0  Max: 1  Default: 1
Warning for adding constraints: zero or small (< 1e-13) coefficients, ignored
Parameter OutputFlag unchanged
   Value: 1  Min: 0  Max: 1  Default: 1
Warning for adding constraints: zero or small (< 1e-13) coefficients, ignored
Parameter OutputFlag unchanged
   Value: 1  Min: 0  Max: 1  Default: 1
Warning for adding constraints: zero or small (< 1e-13) coefficients, ignored
Parameter OutputFlag unchanged
   Value: 1  Min: 0  Max: 1  Default: 1
Warning for adding constraints: zero or small (< 1e-13) coefficients, ignored
Parameter OutputFlag unchanged
   Value: 1  Min: 0  Max: 1  Default: 1
Warning for adding constraints: zero or small (< 1e-13) coefficients, ignored
Parameter OutputFlag unchanged
   Value: 1  Min: 0  Max: 1  Default: 1
Warning for adding constraints: zero or small (< 1e-13) coefficients, ignored
Parameter OutputFlag unchanged
   Value: 1  Min: 0  Max: 1  Default: 1
Warning for adding constraints: zero or small (< 1e-13) coefficients, ignored
Parameter OutputFlag unchanged
   Value: 1  Min: 0  Max: 1  Default: 1
Warning for adding constraints: zero or small (< 1e-13) coefficients, ignored
Parameter OutputFlag unchanged
   Value: 1  Min: 0  Max: 1  Default: 1
Warning for adding constraints: zero or small (< 1e-13) coefficients, ignored
Parameter OutputFlag unchanged
   Value: 1  Min: 0  Max: 1  Default: 1
Warning for adding constraints: zero or small (< 1e-13) coefficients, ignored
Parameter OutputFlag unchanged
   Value: 1  Min: 0  Max: 1  Default: 1

Gurobi 7.0.2 (win64, Python) logging started 11/29/17 00:42:02

Warning for adding constraints: zero or small (< 1e-13) coefficients, ignored
Parameter OutputFlag unchanged
   Value: 1  Min: 0  Max: 1  Default: 1
Warning for adding constraints: zero or small (< 1e-13) coefficients, ignored
Parameter OutputFlag unchanged
   Value: 1  Min: 0  Max: 1  Default: 1
Warning for adding constraints: zero or small (< 1e-13) coefficients, ignored
Parameter OutputFlag unchanged
   Value: 1  Min: 0  Max: 1  Default: 1
Parameter OutputFlag unchanged
   Value: 1  Min: 0  Max: 1  Default: 1
Parameter OutputFlag unchanged
   Value: 1  Min: 0  Max: 1  Default: 1
Parameter OutputFlag unchanged
   Value: 1  Min: 0  Max: 1  Default: 1
Warning for adding constraints: zero or small (< 1e-13) coefficients, ignored
Parameter OutputFlag unchanged
   Value: 1  Min: 0  Max: 1  Default: 1
Warning for adding constraints: zero or small (< 1e-13) coefficients, ignored
Parameter OutputFlag unchanged
   Value: 1  Min: 0  Max: 1  Default: 1
Warning for adding constraints: zero or small (< 1e-13) coefficients, ignored
Parameter OutputFlag unchanged
   Value: 1  Min: 0  Max: 1  Default: 1
Warning for adding constraints: zero or small (< 1e-13) coefficients, ignored
Parameter OutputFlag unchanged
   Value: 1  Min: 0  Max: 1  Default: 1
Warning for adding constraints: zero or small (< 1e-13) coefficients, ignored
Parameter OutputFlag unchanged
   Value: 1  Min: 0  Max: 1  Default: 1

Gurobi 7.0.2 (win64, Python) logging started 11/29/17 17:22:24

Parameter OutputFlag unchanged
   Value: 1  Min: 0  Max: 1  Default: 1
Parameter OutputFlag unchanged
   Value: 1  Min: 0  Max: 1  Default: 1
Warning for adding constraints: zero or small (< 1e-13) coefficients, ignored
Parameter OutputFlag unchanged
   Value: 1  Min: 0  Max: 1  Default: 1
Parameter OutputFlag unchanged
   Value: 1  Min: 0  Max: 1  Default: 1
Parameter OutputFlag unchanged
   Value: 1  Min: 0  Max: 1  Default: 1
Parameter OutputFlag unchanged
   Value: 1  Min: 0  Max: 1  Default: 1
Warning for adding constraints: zero or small (< 1e-13) coefficients, ignored
Parameter OutputFlag unchanged
   Value: 1  Min: 0  Max: 1  Default: 1
Parameter OutputFlag unchanged
   Value: 1  Min: 0  Max: 1  Default: 1
Parameter OutputFlag unchanged
   Value: 1  Min: 0  Max: 1  Default: 1
Parameter OutputFlag unchanged
   Value: 1  Min: 0  Max: 1  Default: 1
Parameter OutputFlag unchanged
   Value: 1  Min: 0  Max: 1  Default: 1
Parameter OutputFlag unchanged
   Value: 1  Min: 0  Max: 1  Default: 1
Parameter OutputFlag unchanged
   Value: 1  Min: 0  Max: 1  Default: 1
Parameter OutputFlag unchanged
   Value: 1  Min: 0  Max: 1  Default: 1
Parameter OutputFlag unchanged
   Value: 1  Min: 0  Max: 1  Default: 1
Warning for adding constraints: zero or small (< 1e-13) coefficients, ignored
Parameter OutputFlag unchanged
   Value: 1  Min: 0  Max: 1  Default: 1
Warning for adding constraints: zero or small (< 1e-13) coefficients, ignored
Parameter OutputFlag unchanged
   Value: 1  Min: 0  Max: 1  Default: 1
Warning for adding constraints: zero or small (< 1e-13) coefficients, ignored
Parameter OutputFlag unchanged
   Value: 1  Min: 0  Max: 1  Default: 1
Warning for adding constraints: zero or small (< 1e-13) coefficients, ignored
Parameter OutputFlag unchanged
   Value: 1  Min: 0  Max: 1  Default: 1
Parameter OutputFlag unchanged
   Value: 1  Min: 0  Max: 1  Default: 1
Parameter OutputFlag unchanged
   Value: 1  Min: 0  Max: 1  Default: 1
Parameter OutputFlag unchanged
   Value: 1  Min: 0  Max: 1  Default: 1
Parameter OutputFlag unchanged
   Value: 1  Min: 0  Max: 1  Default: 1
Parameter OutputFlag unchanged
   Value: 1  Min: 0  Max: 1  Default: 1
Parameter OutputFlag unchanged
   Value: 1  Min: 0  Max: 1  Default: 1
Parameter OutputFlag unchanged
   Value: 1  Min: 0  Max: 1  Default: 1
Parameter OutputFlag unchanged
   Value: 1  Min: 0  Max: 1  Default: 1
Parameter OutputFlag unchanged
   Value: 1  Min: 0  Max: 1  Default: 1
Parameter OutputFlag unchanged
   Value: 1  Min: 0  Max: 1  Default: 1
Parameter OutputFlag unchanged
   Value: 1  Min: 0  Max: 1  Default: 1
Warning for adding constraints: zero or small (< 1e-13) coefficients, ignored
Parameter OutputFlag unchanged
   Value: 1  Min: 0  Max: 1  Default: 1
Warning for adding constraints: zero or small (< 1e-13) coefficients, ignored
Parameter OutputFlag unchanged
   Value: 1  Min: 0  Max: 1  Default: 1
Warning for adding constraints: zero or small (< 1e-13) coefficients, ignored
Parameter OutputFlag unchanged
   Value: 1  Min: 0  Max: 1  Default: 1
Warning for adding constraints: zero or small (< 1e-13) coefficients, ignored
Parameter OutputFlag unchanged
   Value: 1  Min: 0  Max: 1  Default: 1
Warning for adding constraints: zero or small (< 1e-13) coefficients, ignored
Parameter OutputFlag unchanged
   Value: 1  Min: 0  Max: 1  Default: 1

Gurobi 7.0.2 (win64, Python) logging started 12/01/17 02:04:44

Warning for adding constraints: zero or small (< 1e-13) coefficients, ignored
Parameter OutputFlag unchanged
   Value: 1  Min: 0  Max: 1  Default: 1
Warning for adding constraints: zero or small (< 1e-13) coefficients, ignored
Parameter OutputFlag unchanged
   Value: 1  Min: 0  Max: 1  Default: 1
Warning for adding constraints: zero or small (< 1e-13) coefficients, ignored
Parameter OutputFlag unchanged
   Value: 1  Min: 0  Max: 1  Default: 1
Warning for adding constraints: zero or small (< 1e-13) coefficients, ignored
Parameter OutputFlag unchanged
   Value: 1  Min: 0  Max: 1  Default: 1
Parameter OutputFlag unchanged
   Value: 1  Min: 0  Max: 1  Default: 1
Warning for adding constraints: zero or small (< 1e-13) coefficients, ignored
Parameter OutputFlag unchanged
   Value: 1  Min: 0  Max: 1  Default: 1
Warning for adding constraints: zero or small (< 1e-13) coefficients, ignored
Parameter OutputFlag unchanged
   Value: 1  Min: 0  Max: 1  Default: 1
Warning for adding constraints: zero or small (< 1e-13) coefficients, ignored
Parameter OutputFlag unchanged
   Value: 1  Min: 0  Max: 1  Default: 1
Warning for adding constraints: zero or small (< 1e-13) coefficients, ignored
Parameter OutputFlag unchanged
   Value: 1  Min: 0  Max: 1  Default: 1

Gurobi 7.0.2 (win64, Python) logging started 12/01/17 17:06:10

Warning for adding constraints: zero or small (< 1e-13) coefficients, ignored
Parameter OutputFlag unchanged
   Value: 1  Min: 0  Max: 1  Default: 1
Warning for adding constraints: zero or small (< 1e-13) coefficients, ignored
Parameter OutputFlag unchanged
   Value: 1  Min: 0  Max: 1  Default: 1
Warning for adding constraints: zero or small (< 1e-13) coefficients, ignored
Parameter OutputFlag unchanged
   Value: 1  Min: 0  Max: 1  Default: 1
Warning for adding constraints: zero or small (< 1e-13) coefficients, ignored
Parameter OutputFlag unchanged
   Value: 1  Min: 0  Max: 1  Default: 1
Warning for adding constraints: zero or small (< 1e-13) coefficients, ignored
Parameter OutputFlag unchanged
   Value: 1  Min: 0  Max: 1  Default: 1
Warning for adding constraints: zero or small (< 1e-13) coefficients, ignored
Parameter OutputFlag unchanged
   Value: 1  Min: 0  Max: 1  Default: 1

Gurobi 7.0.2 (win64, Python) logging started 12/02/17 12:38:27

Warning for adding constraints: zero or small (< 1e-13) coefficients, ignored
Parameter OutputFlag unchanged
   Value: 1  Min: 0  Max: 1  Default: 1
Parameter OutputFlag unchanged
   Value: 1  Min: 0  Max: 1  Default: 1
Parameter OutputFlag unchanged
   Value: 1  Min: 0  Max: 1  Default: 1
Parameter OutputFlag unchanged
   Value: 1  Min: 0  Max: 1  Default: 1
Parameter OutputFlag unchanged
   Value: 1  Min: 0  Max: 1  Default: 1
Parameter OutputFlag unchanged
   Value: 1  Min: 0  Max: 1  Default: 1
Parameter OutputFlag unchanged
   Value: 1  Min: 0  Max: 1  Default: 1
Parameter OutputFlag unchanged
   Value: 1  Min: 0  Max: 1  Default: 1
Parameter OutputFlag unchanged
   Value: 1  Min: 0  Max: 1  Default: 1
Parameter OutputFlag unchanged
   Value: 1  Min: 0  Max: 1  Default: 1
Parameter OutputFlag unchanged
   Value: 1  Min: 0  Max: 1  Default: 1
Warning for adding constraints: zero or small (< 1e-13) coefficients, ignored
Parameter OutputFlag unchanged
   Value: 1  Min: 0  Max: 1  Default: 1
Parameter OutputFlag unchanged
   Value: 1  Min: 0  Max: 1  Default: 1
Parameter OutputFlag unchanged
   Value: 1  Min: 0  Max: 1  Default: 1
Warning for adding constraints: zero or small (< 1e-13) coefficients, ignored
Parameter OutputFlag unchanged
   Value: 1  Min: 0  Max: 1  Default: 1
Warning for adding constraints: zero or small (< 1e-13) coefficients, ignored
Parameter OutputFlag unchanged
   Value: 1  Min: 0  Max: 1  Default: 1
Parameter OutputFlag unchanged
   Value: 1  Min: 0  Max: 1  Default: 1
Parameter OutputFlag unchanged
   Value: 1  Min: 0  Max: 1  Default: 1
Parameter OutputFlag unchanged
   Value: 1  Min: 0  Max: 1  Default: 1
Parameter OutputFlag unchanged
   Value: 1  Min: 0  Max: 1  Default: 1
Parameter OutputFlag unchanged
   Value: 1  Min: 0  Max: 1  Default: 1
Parameter OutputFlag unchanged
   Value: 1  Min: 0  Max: 1  Default: 1
Warning for adding constraints: zero or small (< 1e-13) coefficients, ignored
Parameter OutputFlag unchanged
   Value: 1  Min: 0  Max: 1  Default: 1
Warning for adding constraints: zero or small (< 1e-13) coefficients, ignored
Parameter OutputFlag unchanged
   Value: 1  Min: 0  Max: 1  Default: 1
Parameter OutputFlag unchanged
   Value: 1  Min: 0  Max: 1  Default: 1
Parameter OutputFlag unchanged
   Value: 1  Min: 0  Max: 1  Default: 1
Parameter OutputFlag unchanged
   Value: 1  Min: 0  Max: 1  Default: 1
Parameter OutputFlag unchanged
   Value: 1  Min: 0  Max: 1  Default: 1
Parameter OutputFlag unchanged
   Value: 1  Min: 0  Max: 1  Default: 1

Gurobi 7.0.2 (win64, Python) logging started 12/02/17 16:59:59

Parameter OutputFlag unchanged
   Value: 1  Min: 0  Max: 1  Default: 1
Parameter OutputFlag unchanged
   Value: 1  Min: 0  Max: 1  Default: 1
Parameter OutputFlag unchanged
   Value: 1  Min: 0  Max: 1  Default: 1
Parameter OutputFlag unchanged
   Value: 1  Min: 0  Max: 1  Default: 1
Parameter OutputFlag unchanged
   Value: 1  Min: 0  Max: 1  Default: 1
Parameter OutputFlag unchanged
   Value: 1  Min: 0  Max: 1  Default: 1
Parameter OutputFlag unchanged
   Value: 1  Min: 0  Max: 1  Default: 1
Parameter OutputFlag unchanged
   Value: 1  Min: 0  Max: 1  Default: 1
Parameter OutputFlag unchanged
   Value: 1  Min: 0  Max: 1  Default: 1
Parameter OutputFlag unchanged
   Value: 1  Min: 0  Max: 1  Default: 1
Parameter OutputFlag unchanged
   Value: 1  Min: 0  Max: 1  Default: 1
Parameter OutputFlag unchanged
   Value: 1  Min: 0  Max: 1  Default: 1
Parameter OutputFlag unchanged
   Value: 1  Min: 0  Max: 1  Default: 1
Parameter OutputFlag unchanged
   Value: 1  Min: 0  Max: 1  Default: 1
Parameter OutputFlag unchanged
   Value: 1  Min: 0  Max: 1  Default: 1
Parameter OutputFlag unchanged
   Value: 1  Min: 0  Max: 1  Default: 1
Warning for adding constraints: zero or small (< 1e-13) coefficients, ignored
Parameter OutputFlag unchanged
   Value: 1  Min: 0  Max: 1  Default: 1
Parameter OutputFlag unchanged
   Value: 1  Min: 0  Max: 1  Default: 1
Warning for adding constraints: zero or small (< 1e-13) coefficients, ignored
Parameter OutputFlag unchanged
   Value: 1  Min: 0  Max: 1  Default: 1
Parameter OutputFlag unchanged
   Value: 1  Min: 0  Max: 1  Default: 1
Parameter OutputFlag unchanged
   Value: 1  Min: 0  Max: 1  Default: 1
Parameter OutputFlag unchanged
   Value: 1  Min: 0  Max: 1  Default: 1
Parameter OutputFlag unchanged
   Value: 1  Min: 0  Max: 1  Default: 1
Warning for adding constraints: zero or small (< 1e-13) coefficients, ignored
Parameter OutputFlag unchanged
   Value: 1  Min: 0  Max: 1  Default: 1
Parameter OutputFlag unchanged
   Value: 1  Min: 0  Max: 1  Default: 1
Parameter OutputFlag unchanged
   Value: 1  Min: 0  Max: 1  Default: 1
Parameter OutputFlag unchanged
   Value: 1  Min: 0  Max: 1  Default: 1

Gurobi 7.0.2 (win64, Python) logging started 12/02/17 21:17:17

Parameter OutputFlag unchanged
   Value: 1  Min: 0  Max: 1  Default: 1
Warning for adding constraints: zero or small (< 1e-13) coefficients, ignored
Parameter OutputFlag unchanged
   Value: 1  Min: 0  Max: 1  Default: 1
Parameter OutputFlag unchanged
   Value: 1  Min: 0  Max: 1  Default: 1
Parameter OutputFlag unchanged
   Value: 1  Min: 0  Max: 1  Default: 1
Parameter OutputFlag unchanged
   Value: 1  Min: 0  Max: 1  Default: 1
Parameter OutputFlag unchanged
   Value: 1  Min: 0  Max: 1  Default: 1
Parameter OutputFlag unchanged
   Value: 1  Min: 0  Max: 1  Default: 1
Parameter OutputFlag unchanged
   Value: 1  Min: 0  Max: 1  Default: 1
Parameter OutputFlag unchanged
   Value: 1  Min: 0  Max: 1  Default: 1
Parameter OutputFlag unchanged
   Value: 1  Min: 0  Max: 1  Default: 1
Parameter OutputFlag unchanged
   Value: 1  Min: 0  Max: 1  Default: 1
Parameter OutputFlag unchanged
   Value: 1  Min: 0  Max: 1  Default: 1
Parameter OutputFlag unchanged
   Value: 1  Min: 0  Max: 1  Default: 1
Parameter OutputFlag unchanged
   Value: 1  Min: 0  Max: 1  Default: 1
Parameter OutputFlag unchanged
   Value: 1  Min: 0  Max: 1  Default: 1
Parameter OutputFlag unchanged
   Value: 1  Min: 0  Max: 1  Default: 1
Parameter OutputFlag unchanged
   Value: 1  Min: 0  Max: 1  Default: 1
Parameter OutputFlag unchanged
   Value: 1  Min: 0  Max: 1  Default: 1
Parameter OutputFlag unchanged
   Value: 1  Min: 0  Max: 1  Default: 1
Parameter OutputFlag unchanged
   Value: 1  Min: 0  Max: 1  Default: 1
Parameter OutputFlag unchanged
   Value: 1  Min: 0  Max: 1  Default: 1
Parameter OutputFlag unchanged
   Value: 1  Min: 0  Max: 1  Default: 1
Parameter OutputFlag unchanged
   Value: 1  Min: 0  Max: 1  Default: 1
Parameter OutputFlag unchanged
   Value: 1  Min: 0  Max: 1  Default: 1
Parameter OutputFlag unchanged
   Value: 1  Min: 0  Max: 1  Default: 1
Parameter OutputFlag unchanged
   Value: 1  Min: 0  Max: 1  Default: 1
Parameter OutputFlag unchanged
   Value: 1  Min: 0  Max: 1  Default: 1
Parameter OutputFlag unchanged
   Value: 1  Min: 0  Max: 1  Default: 1
Parameter OutputFlag unchanged
   Value: 1  Min: 0  Max: 1  Default: 1
Parameter OutputFlag unchanged
   Value: 1  Min: 0  Max: 1  Default: 1
Parameter OutputFlag unchanged
   Value: 1  Min: 0  Max: 1  Default: 1
Parameter OutputFlag unchanged
   Value: 1  Min: 0  Max: 1  Default: 1

Gurobi 7.0.2 (win64, Python) logging started 12/02/17 22:41:33

Parameter OutputFlag unchanged
   Value: 1  Min: 0  Max: 1  Default: 1
Parameter OutputFlag unchanged
   Value: 1  Min: 0  Max: 1  Default: 1
Parameter OutputFlag unchanged
   Value: 1  Min: 0  Max: 1  Default: 1
Parameter OutputFlag unchanged
   Value: 1  Min: 0  Max: 1  Default: 1
Parameter OutputFlag unchanged
   Value: 1  Min: 0  Max: 1  Default: 1
Parameter OutputFlag unchanged
   Value: 1  Min: 0  Max: 1  Default: 1
Parameter OutputFlag unchanged
   Value: 1  Min: 0  Max: 1  Default: 1
Parameter OutputFlag unchanged
   Value: 1  Min: 0  Max: 1  Default: 1
Parameter OutputFlag unchanged
   Value: 1  Min: 0  Max: 1  Default: 1
Warning for adding constraints: zero or small (< 1e-13) coefficients, ignored
Parameter OutputFlag unchanged
   Value: 1  Min: 0  Max: 1  Default: 1
Parameter OutputFlag unchanged
   Value: 1  Min: 0  Max: 1  Default: 1
Warning for adding constraints: zero or small (< 1e-13) coefficients, ignored
Parameter OutputFlag unchanged
   Value: 1  Min: 0  Max: 1  Default: 1
Parameter OutputFlag unchanged
   Value: 1  Min: 0  Max: 1  Default: 1
Parameter OutputFlag unchanged
   Value: 1  Min: 0  Max: 1  Default: 1
Parameter OutputFlag unchanged
   Value: 1  Min: 0  Max: 1  Default: 1
Parameter OutputFlag unchanged
   Value: 1  Min: 0  Max: 1  Default: 1
Warning for adding constraints: zero or small (< 1e-13) coefficients, ignored
Parameter OutputFlag unchanged
   Value: 1  Min: 0  Max: 1  Default: 1
Parameter OutputFlag unchanged
   Value: 1  Min: 0  Max: 1  Default: 1
Parameter OutputFlag unchanged
   Value: 1  Min: 0  Max: 1  Default: 1
Warning for adding constraints: zero or small (< 1e-13) coefficients, ignored
Parameter OutputFlag unchanged
   Value: 1  Min: 0  Max: 1  Default: 1
Parameter OutputFlag unchanged
   Value: 1  Min: 0  Max: 1  Default: 1
Warning for adding constraints: zero or small (< 1e-13) coefficients, ignored
Parameter OutputFlag unchanged
   Value: 1  Min: 0  Max: 1  Default: 1
Warning for adding constraints: zero or small (< 1e-13) coefficients, ignored
Parameter OutputFlag unchanged
   Value: 1  Min: 0  Max: 1  Default: 1
Warning for adding constraints: zero or small (< 1e-13) coefficients, ignored
Parameter OutputFlag unchanged
   Value: 1  Min: 0  Max: 1  Default: 1
Parameter OutputFlag unchanged
   Value: 1  Min: 0  Max: 1  Default: 1
Parameter OutputFlag unchanged
   Value: 1  Min: 0  Max: 1  Default: 1
Warning for adding constraints: zero or small (< 1e-13) coefficients, ignored
Parameter OutputFlag unchanged
   Value: 1  Min: 0  Max: 1  Default: 1
Warning for adding constraints: zero or small (< 1e-13) coefficients, ignored
Parameter OutputFlag unchanged
   Value: 1  Min: 0  Max: 1  Default: 1
Warning for adding constraints: zero or small (< 1e-13) coefficients, ignored
Parameter OutputFlag unchanged
   Value: 1  Min: 0  Max: 1  Default: 1
Warning for adding constraints: zero or small (< 1e-13) coefficients, ignored
Parameter OutputFlag unchanged
   Value: 1  Min: 0  Max: 1  Default: 1

Gurobi 7.0.2 (win64, Python) logging started 12/03/17 18:44:11

Parameter OutputFlag unchanged
   Value: 1  Min: 0  Max: 1  Default: 1
Parameter OutputFlag unchanged
   Value: 1  Min: 0  Max: 1  Default: 1
Parameter OutputFlag unchanged
   Value: 1  Min: 0  Max: 1  Default: 1
Parameter OutputFlag unchanged
   Value: 1  Min: 0  Max: 1  Default: 1
Parameter OutputFlag unchanged
   Value: 1  Min: 0  Max: 1  Default: 1
Parameter OutputFlag unchanged
   Value: 1  Min: 0  Max: 1  Default: 1
Warning for adding constraints: zero or small (< 1e-13) coefficients, ignored
Parameter OutputFlag unchanged
   Value: 1  Min: 0  Max: 1  Default: 1
Warning for adding constraints: zero or small (< 1e-13) coefficients, ignored
Parameter OutputFlag unchanged
   Value: 1  Min: 0  Max: 1  Default: 1
Warning for adding constraints: zero or small (< 1e-13) coefficients, ignored
Parameter OutputFlag unchanged
   Value: 1  Min: 0  Max: 1  Default: 1
Warning for adding constraints: zero or small (< 1e-13) coefficients, ignored
Parameter OutputFlag unchanged
   Value: 1  Min: 0  Max: 1  Default: 1
Parameter OutputFlag unchanged
   Value: 1  Min: 0  Max: 1  Default: 1
Parameter OutputFlag unchanged
   Value: 1  Min: 0  Max: 1  Default: 1
Warning for adding constraints: zero or small (< 1e-13) coefficients, ignored
Parameter OutputFlag unchanged
   Value: 1  Min: 0  Max: 1  Default: 1

Gurobi 7.0.2 (win64, Python) logging started 12/04/17 01:13:29

Warning for adding constraints: zero or small (< 1e-13) coefficients, ignored
Parameter OutputFlag unchanged
   Value: 1  Min: 0  Max: 1  Default: 1
Warning for adding constraints: zero or small (< 1e-13) coefficients, ignored
Parameter OutputFlag unchanged
   Value: 1  Min: 0  Max: 1  Default: 1

Gurobi 7.0.2 (win64, Python) logging started 12/04/17 17:01:34

Warning for adding constraints: zero or small (< 1e-13) coefficients, ignored
Parameter OutputFlag unchanged
   Value: 1  Min: 0  Max: 1  Default: 1

Gurobi 7.0.2 (win64, Python) logging started 12/08/17 14:13:35

Parameter OutputFlag unchanged
   Value: 1  Min: 0  Max: 1  Default: 1
Parameter OutputFlag unchanged
   Value: 1  Min: 0  Max: 1  Default: 1

Gurobi 7.0.2 (win64, Python) logging started 12/08/17 14:20:43

Parameter OutputFlag unchanged
   Value: 1  Min: 0  Max: 1  Default: 1
Parameter OutputFlag unchanged
   Value: 1  Min: 0  Max: 1  Default: 1
Parameter OutputFlag unchanged
   Value: 1  Min: 0  Max: 1  Default: 1
Parameter OutputFlag unchanged
   Value: 1  Min: 0  Max: 1  Default: 1
Parameter OutputFlag unchanged
   Value: 1  Min: 0  Max: 1  Default: 1
Parameter OutputFlag unchanged
   Value: 1  Min: 0  Max: 1  Default: 1
Parameter OutputFlag unchanged
   Value: 1  Min: 0  Max: 1  Default: 1
Parameter OutputFlag unchanged
   Value: 1  Min: 0  Max: 1  Default: 1
Parameter OutputFlag unchanged
   Value: 1  Min: 0  Max: 1  Default: 1
Parameter OutputFlag unchanged
   Value: 1  Min: 0  Max: 1  Default: 1
Parameter OutputFlag unchanged
   Value: 1  Min: 0  Max: 1  Default: 1
Parameter OutputFlag unchanged
   Value: 1  Min: 0  Max: 1  Default: 1
Parameter OutputFlag unchanged
   Value: 1  Min: 0  Max: 1  Default: 1
Parameter OutputFlag unchanged
   Value: 1  Min: 0  Max: 1  Default: 1
Parameter OutputFlag unchanged
   Value: 1  Min: 0  Max: 1  Default: 1
Parameter OutputFlag unchanged
   Value: 1  Min: 0  Max: 1  Default: 1
Parameter OutputFlag unchanged
   Value: 1  Min: 0  Max: 1  Default: 1
Parameter OutputFlag unchanged
   Value: 1  Min: 0  Max: 1  Default: 1
Parameter OutputFlag unchanged
   Value: 1  Min: 0  Max: 1  Default: 1
Parameter OutputFlag unchanged
   Value: 1  Min: 0  Max: 1  Default: 1
Parameter OutputFlag unchanged
   Value: 1  Min: 0  Max: 1  Default: 1
Parameter OutputFlag unchanged
   Value: 1  Min: 0  Max: 1  Default: 1
Parameter OutputFlag unchanged
   Value: 1  Min: 0  Max: 1  Default: 1
Parameter OutputFlag unchanged
   Value: 1  Min: 0  Max: 1  Default: 1
Parameter OutputFlag unchanged
   Value: 1  Min: 0  Max: 1  Default: 1
Parameter OutputFlag unchanged
   Value: 1  Min: 0  Max: 1  Default: 1
Parameter OutputFlag unchanged
   Value: 1  Min: 0  Max: 1  Default: 1
Parameter OutputFlag unchanged
   Value: 1  Min: 0  Max: 1  Default: 1
Parameter OutputFlag unchanged
   Value: 1  Min: 0  Max: 1  Default: 1
Parameter OutputFlag unchanged
   Value: 1  Min: 0  Max: 1  Default: 1
Parameter OutputFlag unchanged
   Value: 1  Min: 0  Max: 1  Default: 1
Parameter OutputFlag unchanged
   Value: 1  Min: 0  Max: 1  Default: 1
Parameter OutputFlag unchanged
   Value: 1  Min: 0  Max: 1  Default: 1

Gurobi 7.0.2 (win64, Python) logging started 12/08/17 16:14:08

Parameter OutputFlag unchanged
   Value: 1  Min: 0  Max: 1  Default: 1
Parameter OutputFlag unchanged
   Value: 1  Min: 0  Max: 1  Default: 1
Parameter OutputFlag unchanged
   Value: 1  Min: 0  Max: 1  Default: 1
Parameter OutputFlag unchanged
   Value: 1  Min: 0  Max: 1  Default: 1
Parameter OutputFlag unchanged
   Value: 1  Min: 0  Max: 1  Default: 1
Parameter OutputFlag unchanged
   Value: 1  Min: 0  Max: 1  Default: 1
Parameter OutputFlag unchanged
   Value: 1  Min: 0  Max: 1  Default: 1
Parameter OutputFlag unchanged
   Value: 1  Min: 0  Max: 1  Default: 1
Parameter OutputFlag unchanged
   Value: 1  Min: 0  Max: 1  Default: 1
Parameter OutputFlag unchanged
   Value: 1  Min: 0  Max: 1  Default: 1
Parameter OutputFlag unchanged
   Value: 1  Min: 0  Max: 1  Default: 1
Parameter OutputFlag unchanged
   Value: 1  Min: 0  Max: 1  Default: 1
Parameter OutputFlag unchanged
   Value: 1  Min: 0  Max: 1  Default: 1
Parameter OutputFlag unchanged
   Value: 1  Min: 0  Max: 1  Default: 1
Parameter OutputFlag unchanged
   Value: 1  Min: 0  Max: 1  Default: 1
Parameter OutputFlag unchanged
   Value: 1  Min: 0  Max: 1  Default: 1
Parameter OutputFlag unchanged
   Value: 1  Min: 0  Max: 1  Default: 1
Parameter OutputFlag unchanged
   Value: 1  Min: 0  Max: 1  Default: 1
Parameter OutputFlag unchanged
   Value: 1  Min: 0  Max: 1  Default: 1
Parameter OutputFlag unchanged
   Value: 1  Min: 0  Max: 1  Default: 1
Parameter OutputFlag unchanged
   Value: 1  Min: 0  Max: 1  Default: 1
Parameter OutputFlag unchanged
   Value: 1  Min: 0  Max: 1  Default: 1
Parameter OutputFlag unchanged
   Value: 1  Min: 0  Max: 1  Default: 1
Parameter OutputFlag unchanged
   Value: 1  Min: 0  Max: 1  Default: 1
Parameter OutputFlag unchanged
   Value: 1  Min: 0  Max: 1  Default: 1
Parameter OutputFlag unchanged
   Value: 1  Min: 0  Max: 1  Default: 1
Parameter OutputFlag unchanged
   Value: 1  Min: 0  Max: 1  Default: 1
Parameter OutputFlag unchanged
   Value: 1  Min: 0  Max: 1  Default: 1
Parameter OutputFlag unchanged
   Value: 1  Min: 0  Max: 1  Default: 1
Parameter OutputFlag unchanged
   Value: 1  Min: 0  Max: 1  Default: 1
Parameter OutputFlag unchanged
   Value: 1  Min: 0  Max: 1  Default: 1
Parameter OutputFlag unchanged
   Value: 1  Min: 0  Max: 1  Default: 1
Parameter OutputFlag unchanged
   Value: 1  Min: 0  Max: 1  Default: 1
Parameter OutputFlag unchanged
   Value: 1  Min: 0  Max: 1  Default: 1
Parameter OutputFlag unchanged
   Value: 1  Min: 0  Max: 1  Default: 1
Parameter OutputFlag unchanged
   Value: 1  Min: 0  Max: 1  Default: 1
Parameter OutputFlag unchanged
   Value: 1  Min: 0  Max: 1  Default: 1
Parameter OutputFlag unchanged
   Value: 1  Min: 0  Max: 1  Default: 1
Parameter OutputFlag unchanged
   Value: 1  Min: 0  Max: 1  Default: 1
Parameter OutputFlag unchanged
   Value: 1  Min: 0  Max: 1  Default: 1
Parameter OutputFlag unchanged
   Value: 1  Min: 0  Max: 1  Default: 1
Parameter OutputFlag unchanged
   Value: 1  Min: 0  Max: 1  Default: 1

Gurobi 7.0.2 (win64, Python) logging started 12/08/17 17:14:36

Parameter OutputFlag unchanged
   Value: 1  Min: 0  Max: 1  Default: 1

Gurobi 7.0.2 (win64, Python) logging started 12/08/17 17:15:30

Parameter OutputFlag unchanged
   Value: 1  Min: 0  Max: 1  Default: 1
Parameter OutputFlag unchanged
   Value: 1  Min: 0  Max: 1  Default: 1
Parameter OutputFlag unchanged
   Value: 1  Min: 0  Max: 1  Default: 1
Parameter OutputFlag unchanged
   Value: 1  Min: 0  Max: 1  Default: 1
Parameter OutputFlag unchanged
   Value: 1  Min: 0  Max: 1  Default: 1
Parameter OutputFlag unchanged
   Value: 1  Min: 0  Max: 1  Default: 1
Parameter OutputFlag unchanged
   Value: 1  Min: 0  Max: 1  Default: 1
Parameter OutputFlag unchanged
   Value: 1  Min: 0  Max: 1  Default: 1
Parameter OutputFlag unchanged
   Value: 1  Min: 0  Max: 1  Default: 1
Parameter OutputFlag unchanged
   Value: 1  Min: 0  Max: 1  Default: 1
Parameter OutputFlag unchanged
   Value: 1  Min: 0  Max: 1  Default: 1
Parameter OutputFlag unchanged
   Value: 1  Min: 0  Max: 1  Default: 1
Parameter OutputFlag unchanged
   Value: 1  Min: 0  Max: 1  Default: 1
Parameter OutputFlag unchanged
   Value: 1  Min: 0  Max: 1  Default: 1
Parameter OutputFlag unchanged
   Value: 1  Min: 0  Max: 1  Default: 1
Parameter OutputFlag unchanged
   Value: 1  Min: 0  Max: 1  Default: 1
Parameter OutputFlag unchanged
   Value: 1  Min: 0  Max: 1  Default: 1
Parameter OutputFlag unchanged
   Value: 1  Min: 0  Max: 1  Default: 1
Parameter OutputFlag unchanged
   Value: 1  Min: 0  Max: 1  Default: 1
Parameter OutputFlag unchanged
   Value: 1  Min: 0  Max: 1  Default: 1
Parameter OutputFlag unchanged
   Value: 1  Min: 0  Max: 1  Default: 1

Gurobi 7.0.2 (win64, Python) logging started 12/08/17 17:48:28

Parameter OutputFlag unchanged
   Value: 1  Min: 0  Max: 1  Default: 1
Parameter OutputFlag unchanged
   Value: 1  Min: 0  Max: 1  Default: 1
Parameter OutputFlag unchanged
   Value: 1  Min: 0  Max: 1  Default: 1
Parameter OutputFlag unchanged
   Value: 1  Min: 0  Max: 1  Default: 1
Parameter OutputFlag unchanged
   Value: 1  Min: 0  Max: 1  Default: 1
Parameter OutputFlag unchanged
   Value: 1  Min: 0  Max: 1  Default: 1
Parameter OutputFlag unchanged
   Value: 1  Min: 0  Max: 1  Default: 1
Parameter OutputFlag unchanged
   Value: 1  Min: 0  Max: 1  Default: 1
Parameter OutputFlag unchanged
   Value: 1  Min: 0  Max: 1  Default: 1
Parameter OutputFlag unchanged
   Value: 1  Min: 0  Max: 1  Default: 1
Parameter OutputFlag unchanged
   Value: 1  Min: 0  Max: 1  Default: 1
Parameter OutputFlag unchanged
   Value: 1  Min: 0  Max: 1  Default: 1
Parameter OutputFlag unchanged
   Value: 1  Min: 0  Max: 1  Default: 1
Parameter OutputFlag unchanged
   Value: 1  Min: 0  Max: 1  Default: 1
Parameter OutputFlag unchanged
   Value: 1  Min: 0  Max: 1  Default: 1
Warning for adding constraints: zero or small (< 1e-13) coefficients, ignored
Parameter OutputFlag unchanged
   Value: 1  Min: 0  Max: 1  Default: 1
Parameter OutputFlag unchanged
   Value: 1  Min: 0  Max: 1  Default: 1
Parameter OutputFlag unchanged
   Value: 1  Min: 0  Max: 1  Default: 1
Parameter OutputFlag unchanged
   Value: 1  Min: 0  Max: 1  Default: 1
Warning for adding constraints: zero or small (< 1e-13) coefficients, ignored
Parameter OutputFlag unchanged
   Value: 1  Min: 0  Max: 1  Default: 1
Warning for adding constraints: zero or small (< 1e-13) coefficients, ignored
Parameter OutputFlag unchanged
   Value: 1  Min: 0  Max: 1  Default: 1
Parameter OutputFlag unchanged
   Value: 1  Min: 0  Max: 1  Default: 1
Parameter OutputFlag unchanged
   Value: 1  Min: 0  Max: 1  Default: 1
Parameter OutputFlag unchanged
   Value: 1  Min: 0  Max: 1  Default: 1
Warning for adding constraints: zero or small (< 1e-13) coefficients, ignored
Parameter OutputFlag unchanged
   Value: 1  Min: 0  Max: 1  Default: 1

Gurobi 7.0.2 (win64, Python) logging started 12/09/17 01:25:32

Parameter OutputFlag unchanged
   Value: 1  Min: 0  Max: 1  Default: 1
Warning for adding constraints: zero or small (< 1e-13) coefficients, ignored
Parameter OutputFlag unchanged
   Value: 1  Min: 0  Max: 1  Default: 1
Parameter OutputFlag unchanged
   Value: 1  Min: 0  Max: 1  Default: 1

Gurobi 7.0.2 (win64, Python) logging started 12/09/17 10:40:03

Parameter OutputFlag unchanged
   Value: 1  Min: 0  Max: 1  Default: 1
Parameter OutputFlag unchanged
   Value: 1  Min: 0  Max: 1  Default: 1
Warning for adding constraints: zero or small (< 1e-13) coefficients, ignored
Parameter OutputFlag unchanged
   Value: 1  Min: 0  Max: 1  Default: 1
Parameter OutputFlag unchanged
   Value: 1  Min: 0  Max: 1  Default: 1
Warning for adding constraints: zero or small (< 1e-13) coefficients, ignored
Parameter OutputFlag unchanged
   Value: 1  Min: 0  Max: 1  Default: 1
Parameter OutputFlag unchanged
   Value: 1  Min: 0  Max: 1  Default: 1
Parameter OutputFlag unchanged
   Value: 1  Min: 0  Max: 1  Default: 1
Warning for adding constraints: zero or small (< 1e-13) coefficients, ignored
Parameter OutputFlag unchanged
   Value: 1  Min: 0  Max: 1  Default: 1
Warning for adding constraints: zero or small (< 1e-13) coefficients, ignored
Parameter OutputFlag unchanged
   Value: 1  Min: 0  Max: 1  Default: 1
Warning for adding constraints: zero or small (< 1e-13) coefficients, ignored
Parameter OutputFlag unchanged
   Value: 1  Min: 0  Max: 1  Default: 1
Warning for adding constraints: zero or small (< 1e-13) coefficients, ignored
Parameter OutputFlag unchanged
   Value: 1  Min: 0  Max: 1  Default: 1
Warning for adding constraints: zero or small (< 1e-13) coefficients, ignored
Parameter OutputFlag unchanged
   Value: 1  Min: 0  Max: 1  Default: 1

Gurobi 7.0.2 (win64, Python) logging started 12/10/17 17:36:35

Parameter OutputFlag unchanged
   Value: 1  Min: 0  Max: 1  Default: 1
Parameter OutputFlag unchanged
   Value: 1  Min: 0  Max: 1  Default: 1
Parameter OutputFlag unchanged
   Value: 1  Min: 0  Max: 1  Default: 1
Parameter OutputFlag unchanged
   Value: 1  Min: 0  Max: 1  Default: 1
Parameter OutputFlag unchanged
   Value: 1  Min: 0  Max: 1  Default: 1
Parameter OutputFlag unchanged
   Value: 1  Min: 0  Max: 1  Default: 1
Parameter OutputFlag unchanged
   Value: 1  Min: 0  Max: 1  Default: 1
Parameter OutputFlag unchanged
   Value: 1  Min: 0  Max: 1  Default: 1
Parameter OutputFlag unchanged
   Value: 1  Min: 0  Max: 1  Default: 1
Warning for adding constraints: zero or small (< 1e-13) coefficients, ignored
Parameter OutputFlag unchanged
   Value: 1  Min: 0  Max: 1  Default: 1
Warning for adding constraints: zero or small (< 1e-13) coefficients, ignored
Parameter OutputFlag unchanged
   Value: 1  Min: 0  Max: 1  Default: 1

Gurobi 7.0.2 (win64, Python) logging started 12/10/17 21:26:36

Parameter OutputFlag unchanged
   Value: 1  Min: 0  Max: 1  Default: 1
Parameter OutputFlag unchanged
   Value: 1  Min: 0  Max: 1  Default: 1
Parameter OutputFlag unchanged
   Value: 1  Min: 0  Max: 1  Default: 1
Parameter OutputFlag unchanged
   Value: 1  Min: 0  Max: 1  Default: 1
Warning for adding constraints: zero or small (< 1e-13) coefficients, ignored
Parameter OutputFlag unchanged
   Value: 1  Min: 0  Max: 1  Default: 1
Warning for adding constraints: zero or small (< 1e-13) coefficients, ignored
Parameter OutputFlag unchanged
   Value: 1  Min: 0  Max: 1  Default: 1
Parameter OutputFlag unchanged
   Value: 1  Min: 0  Max: 1  Default: 1
Parameter OutputFlag unchanged
   Value: 1  Min: 0  Max: 1  Default: 1
Parameter OutputFlag unchanged
   Value: 1  Min: 0  Max: 1  Default: 1
Parameter OutputFlag unchanged
   Value: 1  Min: 0  Max: 1  Default: 1
Parameter OutputFlag unchanged
   Value: 1  Min: 0  Max: 1  Default: 1
Parameter OutputFlag unchanged
   Value: 1  Min: 0  Max: 1  Default: 1
Parameter OutputFlag unchanged
   Value: 1  Min: 0  Max: 1  Default: 1
Parameter OutputFlag unchanged
   Value: 1  Min: 0  Max: 1  Default: 1

Gurobi 7.0.2 (win64, Python) logging started 12/11/17 11:16:02

Parameter OutputFlag unchanged
   Value: 1  Min: 0  Max: 1  Default: 1
Parameter OutputFlag unchanged
   Value: 1  Min: 0  Max: 1  Default: 1
Parameter OutputFlag unchanged
   Value: 1  Min: 0  Max: 1  Default: 1
Parameter OutputFlag unchanged
   Value: 1  Min: 0  Max: 1  Default: 1
Parameter OutputFlag unchanged
   Value: 1  Min: 0  Max: 1  Default: 1
Parameter OutputFlag unchanged
   Value: 1  Min: 0  Max: 1  Default: 1
Parameter OutputFlag unchanged
   Value: 1  Min: 0  Max: 1  Default: 1
Parameter OutputFlag unchanged
   Value: 1  Min: 0  Max: 1  Default: 1
Parameter OutputFlag unchanged
   Value: 1  Min: 0  Max: 1  Default: 1
Parameter OutputFlag unchanged
   Value: 1  Min: 0  Max: 1  Default: 1
Parameter OutputFlag unchanged
   Value: 1  Min: 0  Max: 1  Default: 1
Parameter OutputFlag unchanged
   Value: 1  Min: 0  Max: 1  Default: 1
Parameter OutputFlag unchanged
   Value: 1  Min: 0  Max: 1  Default: 1
Parameter OutputFlag unchanged
   Value: 1  Min: 0  Max: 1  Default: 1
Parameter OutputFlag unchanged
   Value: 1  Min: 0  Max: 1  Default: 1
Parameter OutputFlag unchanged
   Value: 1  Min: 0  Max: 1  Default: 1
Parameter OutputFlag unchanged
   Value: 1  Min: 0  Max: 1  Default: 1
Parameter OutputFlag unchanged
   Value: 1  Min: 0  Max: 1  Default: 1
Parameter OutputFlag unchanged
   Value: 1  Min: 0  Max: 1  Default: 1
Parameter OutputFlag unchanged
   Value: 1  Min: 0  Max: 1  Default: 1
Parameter OutputFlag unchanged
   Value: 1  Min: 0  Max: 1  Default: 1
Parameter OutputFlag unchanged
   Value: 1  Min: 0  Max: 1  Default: 1
Warning for adding constraints: zero or small (< 1e-13) coefficients, ignored
Parameter OutputFlag unchanged
   Value: 1  Min: 0  Max: 1  Default: 1
Parameter OutputFlag unchanged
   Value: 1  Min: 0  Max: 1  Default: 1
Parameter OutputFlag unchanged
   Value: 1  Min: 0  Max: 1  Default: 1
Parameter OutputFlag unchanged
   Value: 1  Min: 0  Max: 1  Default: 1
Parameter OutputFlag unchanged
   Value: 1  Min: 0  Max: 1  Default: 1
Parameter OutputFlag unchanged
   Value: 1  Min: 0  Max: 1  Default: 1
Warning for adding constraints: zero or small (< 1e-13) coefficients, ignored
Parameter OutputFlag unchanged
   Value: 1  Min: 0  Max: 1  Default: 1
